mode: set
example.com/clockface/clock.go:22.42,29.2 6 1
example.com/clockface/clock.go:44.41,48.2 2 1
example.com/clockface/clock.go:50.34,52.2 1 0
example.com/clockface/clock.go:54.43,57.2 2 1
example.com/clockface/clock.go:59.36,71.2 1 0
example.com/clockface/clock.go:73.43,77.2 2 1
example.com/clockface/clock.go:79.36,92.2 1 0
example.com/clockface/clock.go:94.46,98.2 3 1
example.com/clockface/clock.go:100.39,102.2 1 1
example.com/clockface/clock.go:104.41,106.2 1 1
example.com/clockface/clock.go:108.41,110.2 1 1
example.com/clockface/clock.go:113.42,115.2 1 1
example.com/clockface/clock.go:119.44,121.2 1 1
example.com/clockface/clock.go:123.44,125.2 1 1
example.com/clockface/clock.go:127.40,131.2 3 1
