mode: set
example.com/clockface/clock.go:33.41,37.2 2 0
example.com/clockface/clock.go:39.43,42.2 2 0
example.com/clockface/clock.go:44.43,48.2 2 0
example.com/clockface/clock.go:50.46,54.2 3 0
example.com/clockface/clock.go:56.39,58.2 1 1
example.com/clockface/clock.go:60.41,62.2 1 1
example.com/clockface/clock.go:64.41,66.2 1 1
example.com/clockface/clock.go:69.42,71.2 1 1
example.com/clockface/clock.go:75.44,77.2 1 1
example.com/clockface/clock.go:79.44,81.2 1 1
example.com/clockface/clock.go:83.40,87.2 3 1
