mode: set
example.com/clock/SVGwriter.go:17.42,25.2 6 1
example.com/clock/SVGwriter.go:27.43,30.2 2 1
example.com/clock/SVGwriter.go:32.43,35.2 2 1
example.com/clock/SVGwriter.go:37.41,40.2 2 1
example.com/clock/SVGwriter.go:42.46,46.2 3 1
example.com/clock/clock.go:13.44,15.2 1 1
example.com/clock/clock.go:17.41,19.2 1 1
example.com/clock/clock.go:21.44,23.2 1 1
example.com/clock/clock.go:25.41,27.2 1 1
example.com/clock/clock.go:29.42,31.2 1 1
example.com/clock/clock.go:33.39,35.2 1 1
example.com/clock/clock.go:37.40,39.2 1 1
