mode: set
example.com/clock/SVGwriter.go:17.42,25.2 6 1
example.com/clock/SVGwriter.go:27.43,30.2 2 1
example.com/clock/SVGwriter.go:32.43,35.2 2 1
example.com/clock/SVGwriter.go:37.41,40.2 2 1
example.com/clock/SVGwriter.go:42.46,46.2 3 1
example.com/clock/clock.go:22.44,24.2 1 1
example.com/clock/clock.go:26.41,28.2 1 1
example.com/clock/clock.go:30.44,32.2 1 1
example.com/clock/clock.go:34.41,36.2 1 1
example.com/clock/clock.go:38.42,40.2 1 1
example.com/clock/clock.go:42.39,44.2 1 1
example.com/clock/clock.go:46.40,48.2 1 1
